C51 COMPILER V9.54   DELAY                                                                 06/21/2025 22:47:29 PAGE 1   


C51 COMPILER V9.54, COMPILATION OF MODULE DELAY
OBJECT MODULE PLACED IN .\Objects\Delay.obj
COMPILER INVOKED BY: D:\Keil5\C51\BIN\C51.EXE Delay.c OPTIMIZE(8,SPEED) BROWSE DEBUG OBJECTEXTEND PRINT(.\Listings\Delay
                    -.lst) OBJECT(.\Objects\Delay.obj)

line level    source

   1          /**
   2           * @file    Delay.c
   3           * @brief   软件延时函数实现，适用于STC89C52等单片机
   4           */
   5          
   6          /**
   7           * @brief  毫秒级延时函数（阻塞式）
   8           * @param  xms 延时时间，单位：毫秒
   9           * @note   该函数基于循环空操作实现，延时时间与主频相关
  10           */
  11          void Delay(unsigned int xms)
  12          {
  13   1          unsigned char i, j;
  14   1          while(xms--)
  15   1          {
  16   2              i = 2;      // 外层循环计数
  17   2              j = 239;    // 内层循环计数
  18   2              do
  19   2              {
  20   3                  while (--j); // 内层延时
  21   3              } while (--i);   // 外层延时
  22   2          }
  23   1      }
  24          


MODULE INFORMATION:   STATIC OVERLAYABLE
   CODE SIZE        =     21    ----
   CONSTANT SIZE    =   ----    ----
   XDATA SIZE       =   ----    ----
   PDATA SIZE       =   ----    ----
   DATA SIZE        =   ----    ----
   IDATA SIZE       =   ----    ----
   BIT SIZE         =   ----    ----
END OF MODULE INFORMATION.


C51 COMPILATION COMPLETE.  0 WARNING(S),  0 ERROR(S)
